<?xml version="1.0" encoding="UTF-8"?>
<testsuite name="org.example.MyClassTest" tests="5" skipped="0" failures="0" errors="0" timestamp="2023-09-30T13:15:01" hostname="DESKTOP-NICI22" time="0.054">
  <properties/>
  <testcase name="testAdd()" classname="org.example.MyClassTest" time="0.042"/>
  <testcase name="testFindMax()" classname="org.example.MyClassTest" time="0.001"/>
  <testcase name="testCalculateRectangleArea()" classname="org.example.MyClassTest" time="0.003"/>
  <testcase name="testConcatenate()" classname="org.example.MyClassTest" time="0.002"/>
  <testcase name="testIsEven()" classname="org.example.MyClassTest" time="0.003"/>
  <system-out><![CDATA[]]></system-out>
  <system-err><![CDATA[]]></system-err>
</testsuite>
